{"synthetic": false,
 "schemaVersion": "2025-09-10",
 "outputs":
 {"o": ["f9ab43ac3bf01f32.olean"],
  "i": "07e7cf5b09c7c219.ilean",
  "c": "ac7cab44360041f0.c"},
 "log":
 [{"message":
   ".> LEAN_PATH=/Users/nova/My Drive (nova@novaspivack.com)/Works in Progress/Python/Particle Derivations/nems-lean/.lake/packages/Cli/.lake/build/lib/lean:/Users/nova/My Drive (nova@novaspivack.com)/Works in Progress/Python/Particle Derivations/nems-lean/.lake/packages/batteries/.lake/build/lib/lean:/Users/nova/My Drive (nova@novaspivack.com)/Works in Progress/Python/Particle Derivations/nems-lean/.lake/packages/Qq/.lake/build/lib/lean:/Users/nova/My Drive (nova@novaspivack.com)/Works in Progress/Python/Particle Derivations/nems-lean/.lake/packages/aesop/.lake/build/lib/lean:/Users/nova/My Drive (nova@novaspivack.com)/Works in Progress/Python/Particle Derivations/nems-lean/.lake/packages/proofwidgets/.lake/build/lib/lean:/Users/nova/My Drive (nova@novaspivack.com)/Works in Progress/Python/Particle Derivations/nems-lean/.lake/packages/importGraph/.lake/build/lib/lean:/Users/nova/My Drive (nova@novaspivack.com)/Works in Progress/Python/Particle Derivations/nems-lean/.lake/packages/LeanSearchClient/.lake/build/lib/lean:/Users/nova/My Drive (nova@novaspivack.com)/Works in Progress/Python/Particle Derivations/nems-lean/.lake/packages/plausible/.lake/build/lib/lean:/Users/nova/My Drive (nova@novaspivack.com)/Works in Progress/Python/Particle Derivations/nems-lean/.lake/packages/mathlib/.lake/build/lib/lean:/Users/nova/My Drive (nova@novaspivack.com)/Works in Progress/Python/Particle Derivations/nems-lean/.lake/build/lib/lean /Users/nova/.elan/toolchains/leanprover--lean4---v4.28.0/bin/lean /Users/nova/My Drive (nova@novaspivack.com)/Works in Progress/Python/Particle Derivations/nems-lean/NemS/Visibility/SelfEncoding.lean -o /Users/nova/My Drive (nova@novaspivack.com)/Works in Progress/Python/Particle Derivations/nems-lean/.lake/build/lib/lean/NemS/Visibility/SelfEncoding.olean -i /Users/nova/My Drive (nova@novaspivack.com)/Works in Progress/Python/Particle Derivations/nems-lean/.lake/build/lib/lean/NemS/Visibility/SelfEncoding.ilean -c /Users/nova/My Drive (nova@novaspivack.com)/Works in Progress/Python/Particle Derivations/nems-lean/.lake/build/ir/NemS/Visibility/SelfEncoding.c --setup /Users/nova/My Drive (nova@novaspivack.com)/Works in Progress/Python/Particle Derivations/nems-lean/.lake/build/ir/NemS/Visibility/SelfEncoding.setup.json --json",
   "level": "trace"}],
 "inputs":
 [["NemS.Visibility.SelfEncoding:deps",
   [["deps",
     [["nems/NemS:extraDep", [["@nems:extraDep", "00000000000006bb"]]],
      ["imports",
       [["NemS.Visibility.Recordability transitive imports (legacy)",
         "822b0df7651e03c4"],
        ["NemS.Visibility.Recordability:importAllArts", "4d5b8ea1b8cd9d74"]]]]],
    ["libs",
     [["import dynlibs", "00000000000006bb"],
      ["package external libraries", "00000000000006bb"],
      ["module dynlibs", "00000000000006bb"],
      ["module plugins", "00000000000006bb"]]]]],
  ["Lean 4.28.0, commit 7e01a1bf5c70fc6167d49c345d3bf80596e9a79b",
   "a96bc04a2e5e9630"],
  ["/Users/nova/My Drive (nova@novaspivack.com)/Works in Progress/Python/Particle Derivations/nems-lean/NemS/Visibility/SelfEncoding.lean",
   "06ce6be774612637"],
  ["options", "00000000000006bb"],
  ["Module.leanArgs: #[]", "00000000000006bb"]],
 "depHash": "e84c3ce9b52e2c0f"}