{"synthetic": false,
 "schemaVersion": "2025-09-10",
 "outputs":
 {"o": ["79c4b730f51f32d2.olean"],
  "i": "87dbebe029b9e0de.ilean",
  "c": "1b6b2d7154327844.c"},
 "log":
 [{"message":
   ".> LEAN_PATH=/Users/nova/My Drive (nova@novaspivack.com)/Works in Progress/Python/Particle Derivations/Optimizer new tests/si_optimizer_data/Physics_Papers/14-18_NEMS_PAPERS/nems-lean/.lake/packages/Cli/.lake/build/lib/lean:/Users/nova/My Drive (nova@novaspivack.com)/Works in Progress/Python/Particle Derivations/Optimizer new tests/si_optimizer_data/Physics_Papers/14-18_NEMS_PAPERS/nems-lean/.lake/packages/batteries/.lake/build/lib/lean:/Users/nova/My Drive (nova@novaspivack.com)/Works in Progress/Python/Particle Derivations/Optimizer new tests/si_optimizer_data/Physics_Papers/14-18_NEMS_PAPERS/nems-lean/.lake/packages/Qq/.lake/build/lib/lean:/Users/nova/My Drive (nova@novaspivack.com)/Works in Progress/Python/Particle Derivations/Optimizer new tests/si_optimizer_data/Physics_Papers/14-18_NEMS_PAPERS/nems-lean/.lake/packages/aesop/.lake/build/lib/lean:/Users/nova/My Drive (nova@novaspivack.com)/Works in Progress/Python/Particle Derivations/Optimizer new tests/si_optimizer_data/Physics_Papers/14-18_NEMS_PAPERS/nems-lean/.lake/packages/proofwidgets/.lake/build/lib/lean:/Users/nova/My Drive (nova@novaspivack.com)/Works in Progress/Python/Particle Derivations/Optimizer new tests/si_optimizer_data/Physics_Papers/14-18_NEMS_PAPERS/nems-lean/.lake/packages/importGraph/.lake/build/lib/lean:/Users/nova/My Drive (nova@novaspivack.com)/Works in Progress/Python/Particle Derivations/Optimizer new tests/si_optimizer_data/Physics_Papers/14-18_NEMS_PAPERS/nems-lean/.lake/packages/LeanSearchClient/.lake/build/lib/lean:/Users/nova/My Drive (nova@novaspivack.com)/Works in Progress/Python/Particle Derivations/Optimizer new tests/si_optimizer_data/Physics_Papers/14-18_NEMS_PAPERS/nems-lean/.lake/packages/plausible/.lake/build/lib/lean:/Users/nova/My Drive (nova@novaspivack.com)/Works in Progress/Python/Particle Derivations/Optimizer new tests/si_optimizer_data/Physics_Papers/14-18_NEMS_PAPERS/nems-lean/.lake/packages/mathlib/.lake/build/lib/lean:/Users/nova/My Drive (nova@novaspivack.com)/Works in Progress/Python/Particle Derivations/Optimizer new tests/si_optimizer_data/Physics_Papers/14-18_NEMS_PAPERS/nems-lean/.lake/build/lib/lean /Users/nova/.elan/toolchains/leanprover--lean4---v4.28.0/bin/lean /Users/nova/My Drive (nova@novaspivack.com)/Works in Progress/Python/Particle Derivations/Optimizer new tests/si_optimizer_data/Physics_Papers/14-18_NEMS_PAPERS/nems-lean/NemS/Prelude.lean -o /Users/nova/My Drive (nova@novaspivack.com)/Works in Progress/Python/Particle Derivations/Optimizer new tests/si_optimizer_data/Physics_Papers/14-18_NEMS_PAPERS/nems-lean/.lake/build/lib/lean/NemS/Prelude.olean -i /Users/nova/My Drive (nova@novaspivack.com)/Works in Progress/Python/Particle Derivations/Optimizer new tests/si_optimizer_data/Physics_Papers/14-18_NEMS_PAPERS/nems-lean/.lake/build/lib/lean/NemS/Prelude.ilean -c /Users/nova/My Drive (nova@novaspivack.com)/Works in Progress/Python/Particle Derivations/Optimizer new tests/si_optimizer_data/Physics_Papers/14-18_NEMS_PAPERS/nems-lean/.lake/build/ir/NemS/Prelude.c --setup /Users/nova/My Drive (nova@novaspivack.com)/Works in Progress/Python/Particle Derivations/Optimizer new tests/si_optimizer_data/Physics_Papers/14-18_NEMS_PAPERS/nems-lean/.lake/build/ir/NemS/Prelude.setup.json --json",
   "level": "trace"}],
 "inputs":
 [["NemS.Prelude:deps",
   [["deps",
     [["nems/NemS:extraDep", [["@nems:extraDep", "00000000000006bb"]]],
      ["imports",
       [["Mathlib transitive imports (legacy)", "8fd896a9b3011bd6"],
        ["Mathlib:importAllArts", "8fc2a9ec06d95bdc"]]]]],
    ["libs",
     [["import dynlibs", "00000000000006bb"],
      ["package external libraries", "00000000000006bb"],
      ["module dynlibs", "00000000000006bb"],
      ["module plugins", "00000000000006bb"]]]]],
  ["Lean 4.28.0, commit 7e01a1bf5c70fc6167d49c345d3bf80596e9a79b",
   "a96bc04a2e5e9630"],
  ["/Users/nova/My Drive (nova@novaspivack.com)/Works in Progress/Python/Particle Derivations/Optimizer new tests/si_optimizer_data/Physics_Papers/14-18_NEMS_PAPERS/nems-lean/NemS/Prelude.lean",
   "20817cf00e236c37"],
  ["options", "00000000000006bb"],
  ["Module.leanArgs: #[]", "00000000000006bb"]],
 "depHash": "f2d7fbe9076936a4"}