{"synthetic": false,
 "schemaVersion": "2025-09-10",
 "outputs":
 {"o": ["8d2ccc5eac5e531b.olean"],
  "i": "f161087f73dee8ca.ilean",
  "c": "df3d6869885fe7ec.c"},
 "log":
 [{"message":
   ".> LEAN_PATH=/Users/nova/My Drive (nova@novaspivack.com)/Works in Progress/Python/Particle Derivations/Optimizer new tests/si_optimizer_data/Physics_Papers/14-18_NEMS_PAPERS/nems-lean/.lake/packages/Cli/.lake/build/lib/lean:/Users/nova/My Drive (nova@novaspivack.com)/Works in Progress/Python/Particle Derivations/Optimizer new tests/si_optimizer_data/Physics_Papers/14-18_NEMS_PAPERS/nems-lean/.lake/packages/batteries/.lake/build/lib/lean:/Users/nova/My Drive (nova@novaspivack.com)/Works in Progress/Python/Particle Derivations/Optimizer new tests/si_optimizer_data/Physics_Papers/14-18_NEMS_PAPERS/nems-lean/.lake/packages/Qq/.lake/build/lib/lean:/Users/nova/My Drive (nova@novaspivack.com)/Works in Progress/Python/Particle Derivations/Optimizer new tests/si_optimizer_data/Physics_Papers/14-18_NEMS_PAPERS/nems-lean/.lake/packages/aesop/.lake/build/lib/lean:/Users/nova/My Drive (nova@novaspivack.com)/Works in Progress/Python/Particle Derivations/Optimizer new tests/si_optimizer_data/Physics_Papers/14-18_NEMS_PAPERS/nems-lean/.lake/packages/proofwidgets/.lake/build/lib/lean:/Users/nova/My Drive (nova@novaspivack.com)/Works in Progress/Python/Particle Derivations/Optimizer new tests/si_optimizer_data/Physics_Papers/14-18_NEMS_PAPERS/nems-lean/.lake/packages/importGraph/.lake/build/lib/lean:/Users/nova/My Drive (nova@novaspivack.com)/Works in Progress/Python/Particle Derivations/Optimizer new tests/si_optimizer_data/Physics_Papers/14-18_NEMS_PAPERS/nems-lean/.lake/packages/LeanSearchClient/.lake/build/lib/lean:/Users/nova/My Drive (nova@novaspivack.com)/Works in Progress/Python/Particle Derivations/Optimizer new tests/si_optimizer_data/Physics_Papers/14-18_NEMS_PAPERS/nems-lean/.lake/packages/plausible/.lake/build/lib/lean:/Users/nova/My Drive (nova@novaspivack.com)/Works in Progress/Python/Particle Derivations/Optimizer new tests/si_optimizer_data/Physics_Papers/14-18_NEMS_PAPERS/nems-lean/.lake/packages/mathlib/.lake/build/lib/lean:/Users/nova/My Drive (nova@novaspivack.com)/Works in Progress/Python/Particle Derivations/Optimizer new tests/si_optimizer_data/Physics_Papers/14-18_NEMS_PAPERS/nems-lean/.lake/build/lib/lean /Users/nova/.elan/toolchains/leanprover--lean4---v4.28.0/bin/lean /Users/nova/My Drive (nova@novaspivack.com)/Works in Progress/Python/Particle Derivations/Optimizer new tests/si_optimizer_data/Physics_Papers/14-18_NEMS_PAPERS/nems-lean/NemS/Examples/Toy.lean -o /Users/nova/My Drive (nova@novaspivack.com)/Works in Progress/Python/Particle Derivations/Optimizer new tests/si_optimizer_data/Physics_Papers/14-18_NEMS_PAPERS/nems-lean/.lake/build/lib/lean/NemS/Examples/Toy.olean -i /Users/nova/My Drive (nova@novaspivack.com)/Works in Progress/Python/Particle Derivations/Optimizer new tests/si_optimizer_data/Physics_Papers/14-18_NEMS_PAPERS/nems-lean/.lake/build/lib/lean/NemS/Examples/Toy.ilean -c /Users/nova/My Drive (nova@novaspivack.com)/Works in Progress/Python/Particle Derivations/Optimizer new tests/si_optimizer_data/Physics_Papers/14-18_NEMS_PAPERS/nems-lean/.lake/build/ir/NemS/Examples/Toy.c --setup /Users/nova/My Drive (nova@novaspivack.com)/Works in Progress/Python/Particle Derivations/Optimizer new tests/si_optimizer_data/Physics_Papers/14-18_NEMS_PAPERS/nems-lean/.lake/build/ir/NemS/Examples/Toy.setup.json --json",
   "level": "trace"}],
 "inputs":
 [["NemS.Examples.Toy:deps",
   [["deps",
     [["nems/NemS:extraDep", [["@nems:extraDep", "00000000000006bb"]]],
      ["imports",
       [["NemS.Core.Trichotomy transitive imports (legacy)",
         "6dba0e1230b46c61"],
        ["NemS.Core.Trichotomy:importAllArts", "79668a1ddf6782c2"],
        ["NemS.Reduction.ER transitive imports (legacy)", "7ab21511f896ab53"],
        ["NemS.Reduction.ER:importAllArts", "0f84c054dd8e888b"]]]]],
    ["libs",
     [["import dynlibs", "00000000000006bb"],
      ["package external libraries", "00000000000006bb"],
      ["module dynlibs", "00000000000006bb"],
      ["module plugins", "00000000000006bb"]]]]],
  ["Lean 4.28.0, commit 7e01a1bf5c70fc6167d49c345d3bf80596e9a79b",
   "a96bc04a2e5e9630"],
  ["/Users/nova/My Drive (nova@novaspivack.com)/Works in Progress/Python/Particle Derivations/Optimizer new tests/si_optimizer_data/Physics_Papers/14-18_NEMS_PAPERS/nems-lean/NemS/Examples/Toy.lean",
   "4394836af46d2c0f"],
  ["options", "00000000000006bb"],
  ["Module.leanArgs: #[]", "00000000000006bb"]],
 "depHash": "a41f81d2ab6f5f70"}