{"synthetic": false,
 "schemaVersion": "2025-09-10",
 "outputs":
 {"o": ["3035429704ee0364.olean"],
  "i": "e5465abac3df9f2b.ilean",
  "c": "d03d7c4f8263daa9.c"},
 "log":
 [{"message":
   ".> LEAN_PATH=/Users/nova/My Drive (nova@novaspivack.com)/Works in Progress/Python/Particle Derivations/nems-lean/.lake/packages/Cli/.lake/build/lib/lean:/Users/nova/My Drive (nova@novaspivack.com)/Works in Progress/Python/Particle Derivations/nems-lean/.lake/packages/batteries/.lake/build/lib/lean:/Users/nova/My Drive (nova@novaspivack.com)/Works in Progress/Python/Particle Derivations/nems-lean/.lake/packages/Qq/.lake/build/lib/lean:/Users/nova/My Drive (nova@novaspivack.com)/Works in Progress/Python/Particle Derivations/nems-lean/.lake/packages/aesop/.lake/build/lib/lean:/Users/nova/My Drive (nova@novaspivack.com)/Works in Progress/Python/Particle Derivations/nems-lean/.lake/packages/proofwidgets/.lake/build/lib/lean:/Users/nova/My Drive (nova@novaspivack.com)/Works in Progress/Python/Particle Derivations/nems-lean/.lake/packages/importGraph/.lake/build/lib/lean:/Users/nova/My Drive (nova@novaspivack.com)/Works in Progress/Python/Particle Derivations/nems-lean/.lake/packages/LeanSearchClient/.lake/build/lib/lean:/Users/nova/My Drive (nova@novaspivack.com)/Works in Progress/Python/Particle Derivations/nems-lean/.lake/packages/plausible/.lake/build/lib/lean:/Users/nova/My Drive (nova@novaspivack.com)/Works in Progress/Python/Particle Derivations/nems-lean/.lake/packages/mathlib/.lake/build/lib/lean:/Users/nova/My Drive (nova@novaspivack.com)/Works in Progress/Python/Particle Derivations/nems-lean/.lake/build/lib/lean /Users/nova/.elan/toolchains/leanprover--lean4---v4.28.0/bin/lean /Users/nova/My Drive (nova@novaspivack.com)/Works in Progress/Python/Particle Derivations/nems-lean/NemS/Core/Basics.lean -o /Users/nova/My Drive (nova@novaspivack.com)/Works in Progress/Python/Particle Derivations/nems-lean/.lake/build/lib/lean/NemS/Core/Basics.olean -i /Users/nova/My Drive (nova@novaspivack.com)/Works in Progress/Python/Particle Derivations/nems-lean/.lake/build/lib/lean/NemS/Core/Basics.ilean -c /Users/nova/My Drive (nova@novaspivack.com)/Works in Progress/Python/Particle Derivations/nems-lean/.lake/build/ir/NemS/Core/Basics.c --setup /Users/nova/My Drive (nova@novaspivack.com)/Works in Progress/Python/Particle Derivations/nems-lean/.lake/build/ir/NemS/Core/Basics.setup.json --json",
   "level": "trace"}],
 "inputs":
 [["NemS.Core.Basics:deps",
   [["deps",
     [["nems/NemS:extraDep", [["@nems:extraDep", "00000000000006bb"]]],
      ["imports",
       [["NemS.Prelude transitive imports (legacy)", "540db7be2bef6d0d"],
        ["NemS.Prelude:importAllArts", "a7a1f95ba365667d"]]]]],
    ["libs",
     [["import dynlibs", "00000000000006bb"],
      ["package external libraries", "00000000000006bb"],
      ["module dynlibs", "00000000000006bb"],
      ["module plugins", "00000000000006bb"]]]]],
  ["Lean 4.28.0, commit 7e01a1bf5c70fc6167d49c345d3bf80596e9a79b",
   "a96bc04a2e5e9630"],
  ["/Users/nova/My Drive (nova@novaspivack.com)/Works in Progress/Python/Particle Derivations/nems-lean/NemS/Core/Basics.lean",
   "70d7690878353c44"],
  ["options", "00000000000006bb"],
  ["Module.leanArgs: #[]", "00000000000006bb"]],
 "depHash": "01aef3797203df3d"}