{"synthetic": false,
 "schemaVersion": "2025-09-10",
 "outputs":
 {"o": ["aabb6c1312870a98.olean"],
  "i": "d9766e96373a1736.ilean",
  "c": "0d01a0ce4e8decc8.c"},
 "log":
 [{"message":
   ".> LEAN_PATH=/Users/nova/My Drive (nova@novaspivack.com)/Works in Progress/Python/Particle Derivations/Optimizer new tests/si_optimizer_data/Physics_Papers/14-19_NEMS_PAPERS/nems-lean/.lake/packages/Cli/.lake/build/lib/lean:/Users/nova/My Drive (nova@novaspivack.com)/Works in Progress/Python/Particle Derivations/Optimizer new tests/si_optimizer_data/Physics_Papers/14-19_NEMS_PAPERS/nems-lean/.lake/packages/batteries/.lake/build/lib/lean:/Users/nova/My Drive (nova@novaspivack.com)/Works in Progress/Python/Particle Derivations/Optimizer new tests/si_optimizer_data/Physics_Papers/14-19_NEMS_PAPERS/nems-lean/.lake/packages/Qq/.lake/build/lib/lean:/Users/nova/My Drive (nova@novaspivack.com)/Works in Progress/Python/Particle Derivations/Optimizer new tests/si_optimizer_data/Physics_Papers/14-19_NEMS_PAPERS/nems-lean/.lake/packages/aesop/.lake/build/lib/lean:/Users/nova/My Drive (nova@novaspivack.com)/Works in Progress/Python/Particle Derivations/Optimizer new tests/si_optimizer_data/Physics_Papers/14-19_NEMS_PAPERS/nems-lean/.lake/packages/proofwidgets/.lake/build/lib/lean:/Users/nova/My Drive (nova@novaspivack.com)/Works in Progress/Python/Particle Derivations/Optimizer new tests/si_optimizer_data/Physics_Papers/14-19_NEMS_PAPERS/nems-lean/.lake/packages/importGraph/.lake/build/lib/lean:/Users/nova/My Drive (nova@novaspivack.com)/Works in Progress/Python/Particle Derivations/Optimizer new tests/si_optimizer_data/Physics_Papers/14-19_NEMS_PAPERS/nems-lean/.lake/packages/LeanSearchClient/.lake/build/lib/lean:/Users/nova/My Drive (nova@novaspivack.com)/Works in Progress/Python/Particle Derivations/Optimizer new tests/si_optimizer_data/Physics_Papers/14-19_NEMS_PAPERS/nems-lean/.lake/packages/plausible/.lake/build/lib/lean:/Users/nova/My Drive (nova@novaspivack.com)/Works in Progress/Python/Particle Derivations/Optimizer new tests/si_optimizer_data/Physics_Papers/14-19_NEMS_PAPERS/nems-lean/.lake/packages/mathlib/.lake/build/lib/lean:/Users/nova/My Drive (nova@novaspivack.com)/Works in Progress/Python/Particle Derivations/Optimizer new tests/si_optimizer_data/Physics_Papers/14-19_NEMS_PAPERS/nems-lean/.lake/build/lib/lean /Users/nova/.elan/toolchains/leanprover--lean4---v4.28.0/bin/lean /Users/nova/My Drive (nova@novaspivack.com)/Works in Progress/Python/Particle Derivations/Optimizer new tests/si_optimizer_data/Physics_Papers/14-19_NEMS_PAPERS/nems-lean/NemS/Core/Internality.lean -o /Users/nova/My Drive (nova@novaspivack.com)/Works in Progress/Python/Particle Derivations/Optimizer new tests/si_optimizer_data/Physics_Papers/14-19_NEMS_PAPERS/nems-lean/.lake/build/lib/lean/NemS/Core/Internality.olean -i /Users/nova/My Drive (nova@novaspivack.com)/Works in Progress/Python/Particle Derivations/Optimizer new tests/si_optimizer_data/Physics_Papers/14-19_NEMS_PAPERS/nems-lean/.lake/build/lib/lean/NemS/Core/Internality.ilean -c /Users/nova/My Drive (nova@novaspivack.com)/Works in Progress/Python/Particle Derivations/Optimizer new tests/si_optimizer_data/Physics_Papers/14-19_NEMS_PAPERS/nems-lean/.lake/build/ir/NemS/Core/Internality.c --setup /Users/nova/My Drive (nova@novaspivack.com)/Works in Progress/Python/Particle Derivations/Optimizer new tests/si_optimizer_data/Physics_Papers/14-19_NEMS_PAPERS/nems-lean/.lake/build/ir/NemS/Core/Internality.setup.json --json",
   "level": "trace"},
  {"message":
   "NemS/Core/Internality.lean:62:22: unused variable `hD`\n\nNote: This linter can be disabled with `set_option linter.unusedVariables false`",
   "level": "warning"}],
 "inputs":
 [["NemS.Core.Internality:deps",
   [["deps",
     [["nems/NemS:extraDep", [["@nems:extraDep", "00000000000006bb"]]],
      ["imports",
       [["NemS.Core.Trichotomy transitive imports (legacy)",
         "6dba0e1230b46c61"],
        ["NemS.Core.Trichotomy:importAllArts", "79668a1ddf6782c2"]]]]],
    ["libs",
     [["import dynlibs", "00000000000006bb"],
      ["package external libraries", "00000000000006bb"],
      ["module dynlibs", "00000000000006bb"],
      ["module plugins", "00000000000006bb"]]]]],
  ["Lean 4.28.0, commit 7e01a1bf5c70fc6167d49c345d3bf80596e9a79b",
   "a96bc04a2e5e9630"],
  ["/Users/nova/My Drive (nova@novaspivack.com)/Works in Progress/Python/Particle Derivations/Optimizer new tests/si_optimizer_data/Physics_Papers/14-19_NEMS_PAPERS/nems-lean/NemS/Core/Internality.lean",
   "ce8ad8cba4b9d71e"],
  ["options", "00000000000006bb"],
  ["Module.leanArgs: #[]", "00000000000006bb"]],
 "depHash": "c3de1864e31c3a70"}